[13:43:24] This is prokka 1.12
[13:43:24] Written by Torsten Seemann <torsten.seemann@gmail.com>
[13:43:24] Homepage is https://github.com/tseemann/prokka
[13:43:24] Local time is Fri Apr 12 13:43:24 2019
[13:43:24] You are nadia
[13:43:24] Operating system is linux
[13:43:24] You have BioPerl 1.007001
[13:43:24] System has 40 cores.
[13:43:24] Will use maximum of 8 cores.
[13:43:24] Annotating as >>> Bacteria <<<
[13:43:24] Generating locus_tag from '/home/nadia/pilon.fasta' contents.
[13:43:24] Setting --locustag EJMHCFKD from MD5 e361cf4d237b707182c530ba4ff11d8e
[13:43:24] Creating new output folder: Prokka
[13:43:24] Running: mkdir -p Prokka
[13:43:24] Using filename prefix: PROKKA_04122019.XXX
[13:43:24] Setting HMMER_NCPU=1
[13:43:24] Writing log to: Prokka/PROKKA_04122019.log
[13:43:24] Command: /sw/apps/bioinfo/prokka/1.12-12547ca/rackham/bin/prokka --outdir Prokka /home/nadia/pilon.fasta
[13:43:24] Appending to PATH: /sw/bioinfo/prokka/1.12-12547ca/rackham/bin/../binaries/linux
[13:43:24] Appending to PATH: /sw/bioinfo/prokka/1.12-12547ca/rackham/bin/../binaries/linux/../common
[13:43:24] Appending to PATH: /sw/bioinfo/prokka/1.12-12547ca/rackham/bin
[13:43:24] Looking for 'aragorn' - found /sw/bioinfo/prokka/1.12-12547ca/rackham/bin/../binaries/linux/aragorn
[13:43:24] Determined aragorn version is 1.2
[13:43:24] Looking for 'barrnap' - found /sw/apps/bioinfo/barrnap/0.8/rackham/bin/barrnap
[13:43:24] Determined barrnap version is 0.8
[13:43:24] Looking for 'blastp' - found /sw/apps/bioinfo/blast/2.6.0+/rackham/bin/blastp
[13:43:24] Determined blastp version is 2.6
[13:43:24] Looking for 'cmpress' - found /sw/bioinfo/prokka/1.12-12547ca/rackham/bin/../binaries/linux/cmpress
[13:43:24] Determined cmpress version is 1.1
[13:43:24] Looking for 'cmscan' - found /sw/bioinfo/prokka/1.12-12547ca/rackham/bin/../binaries/linux/cmscan
[13:43:24] Determined cmscan version is 1.1
[13:43:24] Looking for 'egrep' - found /usr/bin/egrep
[13:43:24] Looking for 'find' - found /usr/bin/find
[13:43:24] Looking for 'grep' - found /usr/bin/grep
[13:43:24] Looking for 'hmmpress' - found /sw/apps/bioinfo/hmmer/3.1b2/rackham/bin/hmmpress
[13:43:24] Determined hmmpress version is 3.1
[13:43:24] Looking for 'hmmscan' - found /sw/apps/bioinfo/hmmer/3.1b2/rackham/bin/hmmscan
[13:43:24] Determined hmmscan version is 3.1
[13:43:24] Looking for 'java' - found /sw/comp/java/x86_64/sun_jdk1.8.0_92/bin/java
[13:43:24] Looking for 'less' - found /usr/bin/less
[13:43:24] Looking for 'makeblastdb' - found /sw/apps/bioinfo/blast/2.6.0+/rackham/bin/makeblastdb
[13:43:24] Determined makeblastdb version is 2.6
[13:43:24] Looking for 'minced' - found /sw/apps/bioinfo/minced/0.2.0/rackham/minced
[13:43:24] Determined minced version is 2.0
[13:43:24] Looking for 'parallel' - found /sw/parallel/gnuparallel/20170122/rackham/bin/parallel
[13:43:25] Determined parallel version is 20170122
[13:43:25] Looking for 'prodigal' - found /sw/apps/bioinfo/prodigal/2.6.3/rackham/bin/prodigal
[13:43:25] Determined prodigal version is 2.6
[13:43:25] Looking for 'prokka-genbank_to_fasta_db' - found /sw/apps/bioinfo/prokka/1.12-12547ca/rackham/bin/prokka-genbank_to_fasta_db
[13:43:25] Looking for 'sed' - found /usr/bin/sed
[13:43:25] Looking for 'signalp' - found /sw/apps/bioinfo/SignalP/4.1f/rackham/signalp
[13:43:25] Determined signalp version is 4.1
[13:43:25] Looking for 'tbl2asn' - found /sw/apps/bioinfo/tbl2asn/20180629/rackham/tbl2asn
[13:43:25] Determined tbl2asn version is 25.6
[13:43:25] Using genetic code table 11.
[13:43:25] Loading and checking input file: /home/nadia/pilon.fasta
[13:43:25] Wrote 8 contigs totalling 3143325 bp.
[13:43:25] Predicting tRNAs and tmRNAs
[13:43:25] Running: aragorn -l -gc11  -w Prokka\/PROKKA_04122019\.fna
[13:43:27] 1 tRNA-Val [601650,601724] 35 (tac)
[13:43:27] 2 tRNA-Lys [601726,601800] 35 (ttt)
[13:43:27] 3 tRNA-Leu [601806,601889] 36 (tag)
[13:43:27] 4 tRNA-Thr [601905,601980] 35 (tgt)
[13:43:27] 5 tRNA-Gly [601990,602061] 33 (gcc)
[13:43:27] 6 tRNA-Leu [602078,602163] 35 (taa)
[13:43:27] 7 tRNA-Arg [602173,602248] 36 (acg)
[13:43:27] 8 tRNA-Pro [602269,602342] 35 (tgg)
[13:43:27] 9 tRNA-Arg [602399,602475] 36 (acg)
[13:43:27] 10 tRNA-Ala [828499,828571] 34 (tgc)
[13:43:27] 11 tRNA-Val [832001,832075] 35 (tac)
[13:43:27] 12 tRNA-Lys [832077,832151] 35 (ttt)
[13:43:27] 13 tRNA-Leu [832157,832240] 36 (tag)
[13:43:27] 14 tRNA-Thr [832256,832331] 35 (tgt)
[13:43:27] 15 tRNA-Gly [832341,832412] 33 (gcc)
[13:43:27] 16 tRNA-Leu [832429,832514] 35 (taa)
[13:43:27] 17 tRNA-Arg [832524,832599] 36 (acg)
[13:43:27] 18 tRNA-Pro [832608,832681] 35 (tgg)
[13:43:27] 19 tRNA-Ala [832701,832773] 34 (tgc)
[13:43:27] 20 tRNA-Met [832800,832875] 36 (cat)
[13:43:27] 21 tRNA-Met [832887,832962] 36 (cat)
[13:43:27] 22 tRNA-Ser [832985,833074] 37 (tga)
[13:43:27] 23 tRNA-Met [833086,833161] 36 (cat)
[13:43:27] 24 tRNA-Asp [833179,833254] 34 (gtc)
[13:43:27] 25 tRNA-Gly [833256,833326] 33 (tcc)
[13:43:27] 26 tRNA-Ile [833339,833414] 36 (gat)
[13:43:27] 27 tRNA-Ser [833437,833526] 36 (gct)
[13:43:27] 28 tRNA-Glu [833546,833619] 35 (ttc)
[13:43:27] 29 tRNA-Ser [833641,833730] 37 (tga)
[13:43:27] 30 tRNA-Met [833742,833817] 36 (cat)
[13:43:27] 31 tRNA-Asp [833834,833908] 35 (gtc)
[13:43:27] 32 tRNA-Phe [833910,833984] 35 (gaa)
[13:43:27] 33 tRNA-Gly [833988,834058] 33 (tcc)
[13:43:27] 34 tRNA-Ile [834070,834145] 36 (gat)
[13:43:27] 35 tRNA-Glu [834155,834228] 35 (ttc)
[13:43:27] 36 tRNA-Lys c[1034292,1034364] 34 (ctt)
[13:43:27] 37 tRNA-Met [1086233,1086306] 35 (cat)
[13:43:27] 38 tRNA-Ala [1215502,1215574] 34 (tgc)
[13:43:27] 39 tRNA-Asn [1219000,1219075] 36 (gtt)
[13:43:27] 40 tRNA-Ser [1219113,1219204] 36 (gga)
[13:43:27] 41 tRNA-Glu [1219217,1219290] 35 (ttc)
[13:43:27] 42 tRNA-Val [1219304,1219378] 35 (tac)
[13:43:27] 43 tRNA-Asp [1219386,1219461] 35 (gtc)
[13:43:27] 44 tRNA-Phe [1219495,1219570] 34 (gaa)
[13:43:27] 45 tRNA-Tyr [1219571,1219653] 36 (gta)
[13:43:27] 46 tRNA-Trp [1219659,1219732] 33 (cca)
[13:43:27] 47 tRNA-His [1219735,1219808] 34 (gtg)
[13:43:27] 48 tRNA-Gln [1219818,1219891] 34 (ttg)
[13:43:27] 49 tRNA-Cys [1219936,1220006] 33 (gca)
[13:43:27] 50 tRNA-Leu [1220026,1220112] 36 (caa)
[13:43:27] 51 tRNA-His [1220173,1220246] 34 (gtg)
[13:43:27] 52 tRNA-Gln [1220254,1220327] 34 (ttg)
[13:43:27] 53 tRNA-Leu [1220343,1220429] 36 (caa)
[13:43:27] 54 tRNA-Leu c[1383495,1383579] 35 (gag)
[13:43:27] 55 tRNA-Leu [1472617,1472702] 36 (cag)
[13:43:27] 56 tRNA-Gln c[1477072,1477144] 34 (ctg)
[13:43:27] 57 tRNA-Met c[1701049,1701124] 36 (cat)
[13:43:27] 58 tRNA-Ser c[1964906,1964993] 33 (cga)
[13:43:27] 59 tmRNA [1993811,1994174] 91,129 AKNENNSYALAA*
[13:43:27] 60 tRNA-Met c[1996561,1996634] 35 (cat)
[13:43:27] 61 tRNA-Gln c[2241042,2241115] 34 (ttg)
[13:43:27] 62 tRNA-Tyr c[2241121,2241201] 35 (gta)
[13:43:27] 63 tRNA-Arg [2271818,2271891] 35 (ccg)
[13:43:27] 64 tRNA-Gly c[2342949,2343019] 33 (ccc)
[13:43:27] 65 tRNA-Asn c[2396109,2396184] 36 (gtt)
[13:43:27] 66 tRNA-Thr [2396397,2396469] 34 (ggt)
[13:43:27] 67 tRNA-Asn c[2399455,2399530] 36 (gtt)
[13:43:27] 68 tRNA-Thr c[2488182,2488254] 34 (cgt)
[13:43:27] 69 tRNA-Met c[2558521,2558594] 35 (cat)
[13:43:27] 70 tRNA-Arg c[2595874,2595949] 36 (cct)
[13:43:27] 71 tRNA-Arg c[2649983,2650057] 35 (tct)
[13:43:27] Found 71 tRNAs
[13:43:27] Predicting Ribosomal RNAs
[13:43:27] Running Barrnap with 8 threads
[13:43:35] 1 tig00000001_pilon 170748 5S ribosomal RNA
[13:43:35] 2 tig00000001_pilon 170957 23S ribosomal RNA
[13:43:35] 3 tig00000001_pilon 174214 16S ribosomal RNA
[13:43:35] 4 tig00000001_pilon 596611 16S ribosomal RNA
[13:43:35] 5 tig00000001_pilon 598515 23S ribosomal RNA
[13:43:35] 6 tig00000001_pilon 601524 5S ribosomal RNA
[13:43:35] 7 tig00000001_pilon 826866 16S ribosomal RNA
[13:43:35] 8 tig00000001_pilon 828866 23S ribosomal RNA
[13:43:35] 9 tig00000001_pilon 831875 5S ribosomal RNA
[13:43:35] 10 tig00000001_pilon 923061 16S ribosomal RNA
[13:43:35] 11 tig00000001_pilon 924965 23S ribosomal RNA
[13:43:35] 12 tig00000001_pilon 927974 5S ribosomal RNA
[13:43:35] 13 tig00000001_pilon 1213868 16S ribosomal RNA
[13:43:35] 14 tig00000001_pilon 1215869 23S ribosomal RNA
[13:43:35] 15 tig00000001_pilon 1218878 5S ribosomal RNA
[13:43:35] 16 tig00000001_pilon 2399542 5S ribosomal RNA
[13:43:35] 17 tig00000001_pilon 2399751 23S ribosomal RNA
[13:43:35] 18 tig00000001_pilon 2403008 16S ribosomal RNA
[13:43:35] Found 18 rRNAs
[13:43:35] Skipping ncRNA search, enable with --rfam if desired.
[13:43:35] Total of 88 tRNA + rRNA features
[13:43:35] Searching for CRISPR repeats
[13:43:37] Found 0 CRISPRs
[13:43:37] Predicting coding sequences
[13:43:37] Contigs total 3143325 bp, so using single mode
[13:43:37] Running: prodigal -i Prokka\/PROKKA_04122019\.fna -c -m -g 11 -p single -f sco -q
[13:43:46] Found 3059 CDS
[13:43:46] Connecting features back to sequences
[13:43:46] Option --gram not specified, will NOT check for signal peptides.
[13:43:46] Not using genus-specific database. Try --usegenus to enable it.
[13:43:46] Annotating CDS, please be patient.
[13:43:46] Will use 8 CPUs for similarity searching.
[13:43:48] There are still 3059 unannotated CDS left (started with 3059)
[13:43:48] Will use blast to search against /sw/bioinfo/prokka/1.12-12547ca/rackham/bin/../db/kingdom/Bacteria/sprot with 8 CPUs
[13:43:48] Running: cat Prokka\/sprot\.faa | parallel --gnu --plain -j 8 --block 56775 --recstart '>' --pipe blastp -query - -db /sw/bioinfo/prokka/1.12-12547ca/rackham/bin/../db/kingdom/Bacteria/sprot -evalue 1e-06 -num_threads 1 -num_descriptions 1 -num_alignments 1 -seg no > Prokka\/sprot\.blast 2> /dev/null
[13:49:03] Modify product: Uncharacterized ABC transporter ATP-binding protein YbhF => putative ABC transporter ATP-binding protein YbhF
[13:49:03] Modify product: Probable transporter SCO4007 => putative transporter
[13:49:03] Modify product: Uncharacterized ABC transporter ATP-binding protein YbiT => putative ABC transporter ATP-binding protein YbiT
[13:49:03] Modify product: DegV domain-containing protein MW1315 => DegV domain-containing protein
[13:49:03] Modify product: Probable undecaprenyl-phosphate N-acetylglucosaminyl 1-phosphate transferase => putative undecaprenyl-phosphate N-acetylglucosaminyl 1-phosphate transferase
[13:49:03] Modify product: Uncharacterized glycosyltransferase EpsJ => putative glycosyltransferase EpsJ
[13:49:03] Modify product: Uncharacterized glycosyltransferase EpsJ => putative glycosyltransferase EpsJ
[13:49:03] Modify product: Acetyltransferase SACOL1063 => Acetyltransferase
[13:49:03] Modify product: RNA-binding protein HI_1333 => RNA-binding protein
[13:49:03] Modify product: Probable transcriptional regulatory protein SA0624 => putative transcriptional regulatory protein
[13:49:03] Modify product: Uncharacterized membrane protein YdfK => putative membrane protein YdfK
[13:49:03] Modify product: Uncharacterized ABC transporter ATP-binding protein YknY => putative ABC transporter ATP-binding protein YknY
[13:49:03] Modify product: Probable UbiX-like flavin prenyltransferase => putative UbiX-like flavin prenyltransferase
[13:49:03] Modify product: Uncharacterized N-acetyltransferase YjaB => putative N-acetyltransferase YjaB
[13:49:03] Modify product: Probable glutamate/gamma-aminobutyrate antiporter => putative glutamate/gamma-aminobutyrate antiporter
[13:49:03] Modify product: Probable adenylyltransferase/sulfurtransferase MoeZ => putative adenylyltransferase/sulfurtransferase MoeZ
[13:49:03] Modify product: Uncharacterized oxidoreductase SpyM50865 => putative oxidoreductase
[13:49:03] Modify product: Putative universal stress protein SA1532 => Putative universal stress protein
[13:49:03] Modify product: Putative esterase aq_1494 => Putative esterase
[13:49:03] Modify product: Zinc-type alcohol dehydrogenase-like protein SA1988 => Zinc-type alcohol dehydrogenase-like protein
[13:49:03] Modify product: Uncharacterized membrane protein YuaF => putative membrane protein YuaF
[13:49:03] Modify product: Uncharacterized response regulatory protein SACOL0201 => putative response regulatory protein
[13:49:03] Modify product: Probable peptidoglycan glycosyltransferase FtsW => putative peptidoglycan glycosyltransferase FtsW
[13:49:03] Modify product: Probable metallo-hydrolase M6_Spy0554 => putative metallo-hydrolase
[13:49:03] Modify product: Probable ATP-dependent helicase DinG homolog => putative ATP-dependent helicase DinG 
[13:49:03] Modify product: Putative universal stress protein SA1532 => Putative universal stress protein
[13:49:03] Modify product: Probable glutamine ABC transporter permease protein GlnM => putative glutamine ABC transporter permease protein GlnM
[13:49:03] Modify product: Probable glutamine ABC transporter permease protein GlnP => putative glutamine ABC transporter permease protein GlnP
[13:49:03] Modify product: Putative metallophosphoesterase MG207 homolog => Putative metallophosphoesterase MG207 
[13:49:03] Modify product: Uncharacterized MscS family protein YkuT => putative MscS family protein YkuT
[13:49:03] Modify product: Uncharacterized epimerase/dehydratase SA0511 => putative epimerase/dehydratase
[13:49:03] Modify product: Acetyltransferase SACOL1063 => Acetyltransferase
[13:49:03] Modify product: Probable tautomerase SA1195.1 => putative tautomerase.1
[13:49:03] Modify product: Uncharacterized HTH-type transcriptional regulator YbbH => putative HTH-type transcriptional regulator YbbH
[13:49:03] Modify product: Probable L-ascorbate-6-phosphate lactonase UlaG => putative L-ascorbate-6-phosphate lactonase UlaG
[13:49:03] Modify product: Deacetylase EF_0837 => Deacetylase
[13:49:03] Modify product: Uncharacterized HTH-type transcriptional regulator HI_0186 => putative HTH-type transcriptional regulator
[13:49:03] Modify product: Putative universal stress protein SA1532 => Putative universal stress protein
[13:49:03] Modify product: Calcium-transporting ATPase lmo0841 => Calcium-transporting ATPase
[13:49:03] Modify product: Probable cation-transporting ATPase E => putative cation-transporting ATPase E
[13:49:03] Modify product: Putative dipeptidase SACOL1801 => Putative dipeptidase
[13:49:03] Modify product: 30S ribosomal protein S1 homolog => 30S ribosomal protein S1 
[13:49:03] Modify product: DegV domain-containing protein SP_1112 => DegV domain-containing protein
[13:49:03] Modify product: Probable manganese-dependent inorganic pyrophosphatase => putative manganese-dependent inorganic pyrophosphatase
[13:49:03] Modify product: Probable HTH-type transcriptional repressor ExuR => putative HTH-type transcriptional repressor ExuR
[13:49:03] Modify product: Phosphorylated carbohydrates phosphatase TM_1254 => Phosphorylated carbohydrates phosphatase
[13:49:03] Modify product: Uncharacterized HTH-type transcriptional regulator YtcD => putative HTH-type transcriptional regulator YtcD
[13:49:03] Modify product: Putative lipid kinase SP_1045 => Putative lipid kinase
[13:49:03] Modify product: Uncharacterized ABC transporter ATP-binding protein YknY => putative ABC transporter ATP-binding protein YknY
[13:49:03] Modify product: Probable type I restriction enzyme BthVORF4518P M protein => putative type I restriction enzymeP M protein
[13:49:03] Modify product: Probable ABC transporter ATP-binding protein M6_Spy0273 => putative ABC transporter ATP-binding protein
[13:49:03] Modify product: Prophage bactoprenol glucosyl transferase homolog => Prophage bactoprenol glucosyl transferase 
[13:49:03] Modify product: TelA-like protein SA1238 => TelA-like protein
[13:49:03] Modify product: Uncharacterized amino acid permease YhdG => putative amino acid permease YhdG
[13:49:03] Modify product: Probable glucose uptake protein GlcU => putative glucose uptake protein GlcU
[13:49:03] Modify product: Probable arabinose-binding protein => putative arabinose-binding protein
[13:49:03] Modify product: Probable manganese catalase => putative manganese catalase
[13:49:03] Modify product: Probable pyridine nucleotide-disulfide oxidoreductase RclA => putative pyridine nucleotide-disulfide oxidoreductase RclA
[13:49:04] Modify product: Probable transport protein YifK => putative transport protein YifK
[13:49:04] Modify product: Uncharacterized hydrolase YxeP => putative hydrolase YxeP
[13:49:04] Modify product: Glutathione peroxidase homolog BsaA => Glutathione peroxidase BsaA
[13:49:04] Modify product: Uncharacterized ABC transporter ATP-binding protein Rv0986 => putative ABC transporter ATP-binding protein
[13:49:04] Modify product: N-acetylmuramoyl-L-alanine amidase domain-containing protein SAOUHSC_02979 => N-acetylmuramoyl-L-alanine amidase domain-containing protein
[13:49:04] Modify product: Probable protein kinase UbiB => putative protein kinase UbiB
[13:49:04] Modify product: Uncharacterized N-acetyltransferase Rv2669 => putative N-acetyltransferase
[13:49:04] Modify product: Uncharacterized ABC transporter solute-binding protein YclQ => putative ABC transporter solute-binding protein YclQ
[13:49:04] Modify product: Putative peptide transport permease protein Rv1282c => Putative peptide transport permease protein
[13:49:04] Modify product: Uncharacterized ABC transporter ATP-binding protein YbiT => putative ABC transporter ATP-binding protein YbiT
[13:49:04] Modify product: DegV domain-containing protein MW1315 => DegV domain-containing protein
[13:49:04] Modify product: Probable chromosome-partitioning protein ParB => putative chromosome-partitioning protein ParB
[13:49:04] Modify product: Probable transcriptional regulatory protein HI_0315 => putative transcriptional regulatory protein
[13:49:04] Modify product: Probable tRNA-dihydrouridine synthase => putative tRNA-dihydrouridine synthase
[13:49:04] Modify product: Uncharacterized ABC transporter ATP-binding protein Rv1273c => putative ABC transporter ATP-binding protein
[13:49:04] Modify product: Uncharacterized ABC transporter ATP-binding protein TM_0288 => putative ABC transporter ATP-binding protein
[13:49:04] Modify product: Uncharacterized ABC transporter ATP-binding protein TM_0288 => putative ABC transporter ATP-binding protein
[13:49:04] Modify product: Uncharacterized ABC transporter ATP-binding protein Rv1273c => putative ABC transporter ATP-binding protein
[13:49:04] Modify product: Probable licABCH operon regulator => putative licABCH operon regulator
[13:49:04] Modify product: Uncharacterized multiple-sugar transport system permease YteP => putative multiple-sugar transport system permease YteP
[13:49:04] Modify product: Uncharacterized response regulatory protein SACOL0201 => putative response regulatory protein
[13:49:04] Modify product: Putative multidrug export ATP-binding/permease protein SA1683 => Putative multidrug export ATP-binding/permease protein
[13:49:04] Modify product: Probable HTH-type transcriptional repressor ExuR => putative HTH-type transcriptional repressor ExuR
[13:49:04] Modify product: Uncharacterized multiple-sugar transport system permease YteP => putative multiple-sugar transport system permease YteP
[13:49:04] Modify product: Uncharacterized symporter YjmB => putative symporter YjmB
[13:49:04] Modify product: Uncharacterized metallophosphoesterase YhaO => putative metallophosphoesterase YhaO
[13:49:04] Modify product: Uncharacterized HIT-like protein Rv0759c => putative HIT-like protein
[13:49:04] Modify product: Uncharacterized ABC transporter ATP-binding protein YbiT => putative ABC transporter ATP-binding protein YbiT
[13:49:04] Modify product: Putative universal stress protein SA1532 => Putative universal stress protein
[13:49:04] Modify product: Uncharacterized AAA domain-containing protein Rv2559c => putative AAA domain-containing protein
[13:49:04] Modify product: CutC-like protein M6_Spy0363 => CutC-like protein
[13:49:04] Modify product: Uncharacterized protease YdcP => putative protease YdcP
[13:49:04] Modify product: Uncharacterized protease YdcP => putative protease YdcP
[13:49:04] Modify product: Uncharacterized GTP-binding protein YjiA => putative GTP-binding protein YjiA
[13:49:04] Modify product: Probable tRNA-dihydrouridine synthase => putative tRNA-dihydrouridine synthase
[13:49:04] Modify product: Zinc-type alcohol dehydrogenase-like protein SA1988 => Zinc-type alcohol dehydrogenase-like protein
[13:49:04] Modify product: Putative acetyltransferase SA2342 => Putative acetyltransferase
[13:49:04] Modify product: Uncharacterized oxidoreductase SA2266 => putative oxidoreductase
[13:49:04] Modify product: Uncharacterized HTH-type transcriptional regulator BA_1941/GBAA_1941/BAS1801 => putative HTH-type transcriptional regulator/GBAA_1941/BAS1801
[13:49:04] Modify product: Uncharacterized PIN and TRAM-domain containing protein YacL => putative PIN and TRAM-domain containing protein YacL
[13:49:04] Modify product: Acetyltransferase SACOL1063 => Acetyltransferase
[13:49:04] Modify product: Uncharacterized zinc protease Rv2782c => putative zinc protease
[13:49:04] Modify product: Probable ATP-dependent RNA helicase YfmL => putative ATP-dependent RNA helicase YfmL
[13:49:04] Modify product: Bifunctional protein FolD => Bifunctional protein FolD protein
[13:49:04] Modify product: N utilization substance protein B homolog => N utilization substance protein B 
[13:49:04] Modify product: Putative O-methyltransferase Rv1220c => Putative O-methyltransferase
[13:49:04] Modify product: Nucleoid-associated protein SP_1102 => Nucleoid-associated protein
[13:49:04] Modify product: Probable phosphotransferase enzyme IIB component M6_Spy0801 => putative phosphotransferase enzyme IIB component
[13:49:04] Modify product: Probable acrylyl-CoA reductase AcuI => putative acrylyl-CoA reductase AcuI
[13:49:04] Modify product: Uncharacterized sugar epimerase YhfK => putative sugar epimerase YhfK
[13:49:04] Modify product: Uncharacterized response regulatory protein SACOL0201 => putative response regulatory protein
[13:49:04] Modify product: Probable GTP-binding protein EngB => putative GTP-binding protein EngB
[13:49:04] Modify product: Probable glutamine ABC transporter permease protein GlnM => putative glutamine ABC transporter permease protein GlnM
[13:49:05] Modify product: Oxygen-independent coproporphyrinogen-III oxidase-like protein LL1139 => Oxygen-independent coproporphyrinogen-III oxidase-like protein
[13:49:05] Modify product: Uncharacterized protease YdeA => putative protease YdeA
[13:49:05] Modify product: Probable ribosomal protein YlxQ => putative ribosomal protein YlxQ
[13:49:05] Modify product: Probable HTH-type transcriptional repressor ExuR => putative HTH-type transcriptional repressor ExuR
[13:49:05] Modify product: Probable siderophore-binding lipoprotein YfiY => putative siderophore-binding lipoprotein YfiY
[13:49:05] Modify product: Uncharacterized oxidoreductase YhhX => putative oxidoreductase YhhX
[13:49:05] Modify product: Uncharacterized HTH-type transcriptional regulator YbbH => putative HTH-type transcriptional regulator YbbH
[13:49:05] Modify product: Uncharacterized ABC transporter permease Rv0072 => putative ABC transporter permease
[13:49:05] Modify product: DegV domain-containing protein SA0704 => DegV domain-containing protein
[13:49:05] Modify product: Probable ABC transporter extracellular-binding protein YckB => putative ABC transporter extracellular-binding protein YckB
[13:49:05] Modify product: Probable peptidoglycan glycosyltransferase FtsW => putative peptidoglycan glycosyltransferase FtsW
[13:49:05] Modify product: Stress response regulator gls24 homolog => Stress response regulator gls24 
[13:49:05] Modify product: Stress response regulator gls24 homolog => Stress response regulator gls24 
[13:49:05] Modify product: Uncharacterized oxidoreductase YghA => putative oxidoreductase YghA
[13:49:05] Modify product: Phosphorylated carbohydrates phosphatase TM_1254 => Phosphorylated carbohydrates phosphatase
[13:49:05] Modify product: Uncharacterized oxidoreductase YbdH => putative oxidoreductase YbdH
[13:49:05] Modify product: Probable licABCH operon regulator => putative licABCH operon regulator
[13:49:05] Modify product: GTP cyclohydrolase 1 type 2 homolog => GTP cyclohydrolase 1 type 2 
[13:49:05] Modify product: Uncharacterized glycosyltransferase EpsJ => putative glycosyltransferase EpsJ
[13:49:05] Modify product: Uncharacterized glycosyltransferase EpsJ => putative glycosyltransferase EpsJ
[13:49:05] Modify product: Uncharacterized sugar transferase EpsL => putative sugar transferase EpsL
[13:49:05] Modify product: Probable capsular polysaccharide biosynthesis protein YwqC => putative capsular polysaccharide biosynthesis protein YwqC
[13:49:05] Modify product: Probable 6-phospho-beta-glucosidase => putative 6-phospho-beta-glucosidase
[13:49:05] Modify product: Probable multidrug resistance ABC transporter ATP-binding/permease protein YheH => putative multidrug resistance ABC transporter ATP-binding/permease protein YheH
[13:49:05] Modify product: Probable multidrug resistance ABC transporter ATP-binding/permease protein YheI => putative multidrug resistance ABC transporter ATP-binding/permease protein YheI
[13:49:05] Modify product: Probable endonuclease 4 => putative endonuclease 4
[13:49:05] Modify product: Phosphate-specific transport system accessory protein PhoU homolog => Phosphate-specific transport system accessory protein PhoU 
[13:49:05] Modify product: Uncharacterized N-acetyltransferase YvbK => putative N-acetyltransferase YvbK
[13:49:05] Modify product: Probable protein-export membrane protein SecG => putative protein-export membrane protein SecG
[13:49:05] Modify product: Probable succinyl-diaminopimelate desuccinylase => putative succinyl-diaminopimelate desuccinylase
[13:49:05] Modify product: Probable DNA-directed RNA polymerase subunit delta => putative DNA-directed RNA polymerase subunit delta
[13:49:05] Modify product: Uncharacterized beta-barrel protein YwiB => putative beta-barrel protein YwiB
[13:49:05] Modify product: Uncharacterized isomerase YddE => putative isomerase YddE
[13:49:05] Modify product: Uncharacterized ABC transporter permease Rv0072 => putative ABC transporter permease
[13:49:05] Modify product: Putative phosphatase M6_Spy0533 => Putative phosphatase
[13:49:05] Modify product: Probable endopeptidase p60 => putative endopeptidase p60
[13:49:05] Modify product: Probable cation-transporting ATPase E => putative cation-transporting ATPase E
[13:49:05] Modify product: Probable copper-importing P-type ATPase A => putative copper-importing P-type ATPase A
[13:49:05] Modify product: Probable ATP-dependent helicase DinG homolog => putative ATP-dependent helicase DinG 
[13:49:05] Modify product: PTS system EIIBC component SA0186 => PTS system EIIBC component
[13:49:05] Modify product: Uncharacterized ABC transporter ATP-binding protein YheS => putative ABC transporter ATP-binding protein YheS
[13:49:05] Modify product: Uncharacterized amino acid permease YvbW => putative amino acid permease YvbW
[13:49:05] Modify product: Phosphorylated carbohydrates phosphatase TM_1254 => Phosphorylated carbohydrates phosphatase
[13:49:05] Modify product: Uncharacterized multiple-sugar transport system permease YteP => putative multiple-sugar transport system permease YteP
[13:49:05] Modify product: Uncharacterized response regulatory protein SACOL0201 => putative response regulatory protein
[13:49:05] Modify product: Uncharacterized ABC transporter ATP-binding protein Rv0986 => putative ABC transporter ATP-binding protein
[13:49:05] Modify product: Probable phosphotransferase enzyme IIB component M6_Spy0801 => putative phosphotransferase enzyme IIB component
[13:49:05] Modify product: Uncharacterized HTH-type transcriptional regulator YurK => putative HTH-type transcriptional regulator YurK
[13:49:06] Modify product: Probable endopeptidase p60 => putative endopeptidase p60
[13:49:06] Modify product: Putative conjugal transfer protein Rv3659c => Putative conjugal transfer protein
[13:49:06] Modify product: Uncharacterized ABC transporter ATP-binding protein YheS => putative ABC transporter ATP-binding protein YheS
[13:49:06] Modify product: Probable arabinose-binding protein => putative arabinose-binding protein
[13:49:06] Modify product: Putative acetyltransferase SACOL2570 => Putative acetyltransferase
[13:49:06] Modify product: Uncharacterized ABC transporter ATP-binding protein TM_0288 => putative ABC transporter ATP-binding protein
[13:49:06] Modify product: Uncharacterized ABC transporter ATP-binding protein Rv1273c => putative ABC transporter ATP-binding protein
[13:49:06] Modify product: Phosphorylated carbohydrates phosphatase TM_1254 => Phosphorylated carbohydrates phosphatase
[13:49:06] Modify product: Probable tRNA sulfurtransferase => putative tRNA sulfurtransferase
[13:49:06] Modify product: Probable bifunctional oligoribonuclease and PAP phosphatase NrnA => putative bifunctional oligoribonuclease and PAP phosphatase NrnA
[13:49:06] Modify product: Probable phosphotransferase enzyme IIB component M6_Spy0801 => putative phosphotransferase enzyme IIB component
[13:49:06] Modify product: Uncharacterized ABC transporter ATP-binding protein Rv1273c => putative ABC transporter ATP-binding protein
[13:49:06] Modify product: Uncharacterized ABC transporter ATP-binding protein TM_0288 => putative ABC transporter ATP-binding protein
[13:49:06] Modify product: Probable dual-specificity RNA methyltransferase RlmN => putative dual-specificity RNA methyltransferase RlmN
[13:49:06] Modify product: Probable mannose-6-phosphate isomerase GmuF => putative mannose-6-phosphate isomerase GmuF
[13:49:06] Modify product: Uncharacterized ABC transporter ATP-binding protein Rv1272c => putative ABC transporter ATP-binding protein
[13:49:06] Modify product: Uncharacterized ABC transporter ATP-binding protein Rv1273c => putative ABC transporter ATP-binding protein
[13:49:06] Modify product: Probable metabolite transport protein CsbC => putative metabolite transport protein CsbC
[13:49:06] Cleaned 177 /product names
[13:49:06] Deleting unwanted file: Prokka/sprot.faa
[13:49:06] Deleting unwanted file: Prokka/sprot.blast
[13:49:07] There are still 1364 unannotated CDS left (started with 3059)
[13:49:07] Will use hmmer3 to search against /sw/bioinfo/prokka/1.12-12547ca/rackham/bin/../db/hmm/HAMAP.hmm with 8 CPUs
[13:49:07] Running: cat Prokka\/HAMAP\.hmm\.faa | parallel --gnu --plain -j 8 --block 19738 --recstart '>' --pipe hmmscan --noali --notextw --acc -E 1e-06 --cpu 1 /sw/bioinfo/prokka/1.12-12547ca/rackham/bin/../db/hmm/HAMAP.hmm /dev/stdin > Prokka\/HAMAP\.hmm\.hmmer3 2> /dev/null
[13:51:27] Modify product: Protein SprT-like => Protein SprT-like protein
[13:51:27] Cleaned 1 /product names
[13:51:27] Deleting unwanted file: Prokka/HAMAP.hmm.faa
[13:51:27] Deleting unwanted file: Prokka/HAMAP.hmm.hmmer3
[13:51:27] Labelling remaining 1304 proteins as 'hypothetical protein'
[13:51:27] Possible /pseudo 'Na(+)/H(+) antiporter NhaC' at tig00000001_pilon position 971
[13:51:27] Possible /pseudo 'Regulatory protein Spx' at tig00000001_pilon position 176816
[13:51:27] Possible /pseudo 'Na(+)/H(+) antiporter NhaC' at tig00000001_pilon position 238718
[13:51:27] Possible /pseudo 'Calcium-transporting ATPase 1' at tig00000001_pilon position 373739
[13:51:27] Possible /pseudo 'putative protease YdcP' at tig00000001_pilon position 606728
[13:51:27] Possible /pseudo 'Putative NAD(P)H nitroreductase YodC' at tig00000001_pilon position 742919
[13:51:27] Possible /pseudo 'Multidrug efflux protein YfmO' at tig00000001_pilon position 746583
[13:51:27] Possible /pseudo 'putative ABC transporter ATP-binding protein' at tig00000001_pilon position 842246
[13:51:27] Possible /pseudo 'putative ABC transporter ATP-binding protein' at tig00000001_pilon position 855708
[13:51:27] Possible /pseudo 'putative glycosyltransferase EpsJ' at tig00000001_pilon position 1119675
[13:51:27] Possible /pseudo 'Sensor histidine kinase DcuS' at tig00000001_pilon position 1391303
[13:51:27] Possible /pseudo 'Di-/tripeptide transporter' at tig00000001_pilon position 1481192
[13:51:27] Possible /pseudo 'Dihydroorotate dehydrogenase B (NAD(+)), electron transfer subunit' at tig00000001_pilon position 1571917
[13:51:27] Possible /pseudo 'General stress protein A' at tig00000001_pilon position 1698128
[13:51:27] Possible /pseudo 'Xylulose-5-phosphate phosphoketolase' at tig00000001_pilon position 1873065
[13:51:27] Possible /pseudo 'Xylulose-5-phosphate phosphoketolase' at tig00000001_pilon position 1874081
[13:51:27] Possible /pseudo 'Phosphonoacetaldehyde hydrolase' at tig00000001_pilon position 1895489
[13:51:27] Possible /pseudo 'N-alpha-acetyltransferase RimI' at tig00000001_pilon position 1905255
[13:51:27] Possible /pseudo 'putative glycosyltransferase EpsJ' at tig00000001_pilon position 2159108
[13:51:27] Possible /pseudo 'Phosphate import ATP-binding protein PstB 3' at tig00000001_pilon position 2224301
[13:51:27] Possible /pseudo 'putative ABC transporter ATP-binding protein' at tig00000001_pilon position 2372405
[13:51:27] Possible /pseudo 'putative ABC transporter ATP-binding protein' at tig00000001_pilon position 2449879
[13:51:27] Possible /pseudo 'PTS system mannitol-specific EIICB component' at tig00000001_pilon position 2513384
[13:51:27] Possible /pseudo 'PTS system mannose-specific EIIAB component' at tig00000001_pilon position 2641819
[13:51:27] Possible /pseudo 'PTS system fructose-specific EIIABC component' at tig00000001_pilon position 2686916
[13:51:27] Possible /pseudo 'Coenzyme A biosynthesis bifunctional protein CoaBC' at tig00000001_pilon position 2721322
[13:51:27] Possible /pseudo 'Transcriptional regulatory protein DagR' at tig00000018_pilon position 210078
[13:51:27] Found 1246 unique /gene codes.
[13:51:27] Fixed 2 duplicate /gene - dnaX_1 dnaX_2
[13:51:27] Fixed 2 duplicate /gene - guaA_1 guaA_2
[13:51:27] Fixed 3 duplicate /gene - metQ_1 metQ_2 metQ_3
[13:51:27] Fixed 2 duplicate /gene - xerS_1 xerS_2
[13:51:27] Fixed 2 duplicate /gene - ubiE_1 ubiE_2
[13:51:27] Fixed 2 duplicate /gene - cfiB_1 cfiB_2
[13:51:27] Fixed 4 duplicate /gene - degA_1 degA_2 degA_3 degA_4
[13:51:27] Fixed 2 duplicate /gene - yfmO_1 yfmO_2
[13:51:27] Fixed 2 duplicate /gene - coaBC_1 coaBC_2
[13:51:27] Fixed 3 duplicate /gene - lacR_1 lacR_2 lacR_3
[13:51:27] Fixed 2 duplicate /gene - ponA_1 ponA_2
[13:51:27] Fixed 2 duplicate /gene - intQ_1 intQ_2
[13:51:27] Fixed 3 duplicate /gene - crr_1 crr_2 crr_3
[13:51:27] Fixed 2 duplicate /gene - mtlR_1 mtlR_2
[13:51:27] Fixed 2 duplicate /gene - cmtB_1 cmtB_2
[13:51:27] Fixed 2 duplicate /gene - der_1 der_2
[13:51:27] Fixed 2 duplicate /gene - yehU_1 yehU_2
[13:51:27] Fixed 2 duplicate /gene - def_1 def_2
[13:51:27] Fixed 3 duplicate /gene - metP_1 metP_2 metP_3
[13:51:27] Fixed 2 duplicate /gene - rpmF_1 rpmF_2
[13:51:27] Fixed 4 duplicate /gene - walK_1 walK_2 walK_3 walK_4
[13:51:27] Fixed 2 duplicate /gene - sorC_1 sorC_2
[13:51:27] Fixed 6 duplicate /gene - soj_1 soj_2 soj_3 soj_4 soj_5 soj_6
[13:51:27] Fixed 2 duplicate /gene - sufB_1 sufB_2
[13:51:27] Fixed 2 duplicate /gene - abfA_1 abfA_2
[13:51:27] Fixed 2 duplicate /gene - gap_1 gap_2
[13:51:27] Fixed 2 duplicate /gene - yheS_1 yheS_2
[13:51:27] Fixed 2 duplicate /gene - nanE_1 nanE_2
[13:51:27] Fixed 2 duplicate /gene - sorB_1 sorB_2
[13:51:27] Fixed 2 duplicate /gene - ugl_1 ugl_2
[13:51:27] Fixed 2 duplicate /gene - glcR_1 glcR_2
[13:51:27] Fixed 3 duplicate /gene - ltaS1_1 ltaS1_2 ltaS1_3
[13:51:27] Fixed 3 duplicate /gene - znuA_1 znuA_2 znuA_3
[13:51:27] Fixed 3 duplicate /gene - ftsL_1 ftsL_2 ftsL_3
[13:51:27] Fixed 2 duplicate /gene - afr_1 afr_2
[13:51:27] Fixed 2 duplicate /gene - tadA_1 tadA_2
[13:51:27] Fixed 2 duplicate /gene - steT_1 steT_2
[13:51:27] Fixed 3 duplicate /gene - prsA_1 prsA_2 prsA_3
[13:51:27] Fixed 2 duplicate /gene - scrB_1 scrB_2
[13:51:27] Fixed 2 duplicate /gene - galK_1 galK_2
[13:51:27] Fixed 3 duplicate /gene - ybiT_1 ybiT_2 ybiT_3
[13:51:27] Fixed 5 duplicate /gene - spxA_1 spxA_2 spxA_3 spxA_4 spxA_5
[13:51:27] Fixed 2 duplicate /gene - pstS1_1 pstS1_2
[13:51:27] Fixed 2 duplicate /gene - recQ_1 recQ_2
[13:51:27] Fixed 7 duplicate /gene - bin3_1 bin3_2 bin3_3 bin3_4 bin3_5 bin3_6 bin3_7
[13:51:27] Fixed 2 duplicate /gene - yxdL_1 yxdL_2
[13:51:27] Fixed 3 duplicate /gene - gph_1 gph_2 gph_3
[13:51:27] Fixed 2 duplicate /gene - pyrK_1 pyrK_2
[13:51:27] Fixed 2 duplicate /gene - metN_1 metN_2
[13:51:27] Fixed 4 duplicate /gene - natA_1 natA_2 natA_3 natA_4
[13:51:27] Fixed 3 duplicate /gene - pspB_1 pspB_2 pspB_3
[13:51:27] Fixed 2 duplicate /gene - rny_1 rny_2
[13:51:27] Fixed 4 duplicate /gene - tqsA_1 tqsA_2 tqsA_3 tqsA_4
[13:51:27] Fixed 2 duplicate /gene - yfnB_1 yfnB_2
[13:51:27] Fixed 3 duplicate /gene - lacG_1 lacG_2 lacG_3
[13:51:27] Fixed 2 duplicate /gene - ywpJ_1 ywpJ_2
[13:51:27] Fixed 8 duplicate /gene - manZ_1 manZ_2 manZ_3 manZ_4 manZ_5 manZ_6 manZ_7 manZ_8
[13:51:27] Fixed 2 duplicate /gene - pepF1_1 pepF1_2
[13:51:27] Fixed 2 duplicate /gene - gpsA_1 gpsA_2
[13:51:27] Fixed 2 duplicate /gene - mtlF_1 mtlF_2
[13:51:27] Fixed 2 duplicate /gene - ftsK_1 ftsK_2
[13:51:27] Fixed 2 duplicate /gene - rluB_1 rluB_2
[13:51:27] Fixed 2 duplicate /gene - rbn_1 rbn_2
[13:51:27] Fixed 2 duplicate /gene - rex_1 rex_2
[13:51:27] Fixed 2 duplicate /gene - corC_1 corC_2
[13:51:27] Fixed 2 duplicate /gene - glnP_1 glnP_2
[13:51:27] Fixed 5 duplicate /gene - dinB_1 dinB_2 dinB_3 dinB_4 dinB_5
[13:51:27] Fixed 2 duplicate /gene - glnQ_1 glnQ_2
[13:51:27] Fixed 2 duplicate /gene - patA_1 patA_2
[13:51:27] Fixed 2 duplicate /gene - srrA_1 srrA_2
[13:51:27] Fixed 2 duplicate /gene - iscS_1 iscS_2
[13:51:27] Fixed 2 duplicate /gene - wbgU_1 wbgU_2
[13:51:27] Fixed 2 duplicate /gene - polC_1 polC_2
[13:51:27] Fixed 3 duplicate /gene - mtlA_1 mtlA_2 mtlA_3
[13:51:27] Fixed 2 duplicate /gene - prmC_1 prmC_2
[13:51:27] Fixed 3 duplicate /gene - rluD_1 rluD_2 rluD_3
[13:51:27] Fixed 2 duplicate /gene - opuCA_1 opuCA_2
[13:51:27] Fixed 2 duplicate /gene - dagK_1 dagK_2
[13:51:27] Fixed 2 duplicate /gene - vanX_1 vanX_2
[13:51:27] Fixed 2 duplicate /gene - ulaA_1 ulaA_2
[13:51:27] Fixed 2 duplicate /gene - cdaR_1 cdaR_2
[13:51:27] Fixed 2 duplicate /gene - abgB_1 abgB_2
[13:51:27] Fixed 3 duplicate /gene - yvoA_1 yvoA_2 yvoA_3
[13:51:27] Fixed 2 duplicate /gene - mshD_1 mshD_2
[13:51:27] Fixed 2 duplicate /gene - cas2_1 cas2_2
[13:51:27] Fixed 2 duplicate /gene - tuf_1 tuf_2
[13:51:27] Fixed 2 duplicate /gene - licA_1 licA_2
[13:51:27] Fixed 2 duplicate /gene - folT_1 folT_2
[13:51:27] Fixed 2 duplicate /gene - mepM_1 mepM_2
[13:51:27] Fixed 2 duplicate /gene - iap_1 iap_2
[13:51:27] Fixed 2 duplicate /gene - mnmG_1 mnmG_2
[13:51:27] Fixed 2 duplicate /gene - pbpX_1 pbpX_2
[13:51:27] Fixed 3 duplicate /gene - artM_1 artM_2 artM_3
[13:51:27] Fixed 2 duplicate /gene - rspR_1 rspR_2
[13:51:27] Fixed 2 duplicate /gene - ybbH_1 ybbH_2
[13:51:27] Fixed 3 duplicate /gene - ssb_1 ssb_2 ssb_3
[13:51:27] Fixed 2 duplicate /gene - gspA_1 gspA_2
[13:51:27] Fixed 3 duplicate /gene - folA_1 folA_2 folA_3
[13:51:27] Fixed 3 duplicate /gene - yidA_1 yidA_2 yidA_3
[13:51:27] Fixed 2 duplicate /gene - dtd3_1 dtd3_2
[13:51:27] Fixed 4 duplicate /gene - epsJ_1 epsJ_2 epsJ_3 epsJ_4
[13:51:27] Fixed 3 duplicate /gene - argR_1 argR_2 argR_3
[13:51:27] Fixed 2 duplicate /gene - araR_1 araR_2
[13:51:27] Fixed 2 duplicate /gene - pgl_1 pgl_2
[13:51:27] Fixed 2 duplicate /gene - levD_1 levD_2
[13:51:27] Fixed 5 duplicate /gene - bglF_1 bglF_2 bglF_3 bglF_4 bglF_5
[13:51:27] Fixed 2 duplicate /gene - yodC_1 yodC_2
[13:51:27] Fixed 2 duplicate /gene - msrR_1 msrR_2
[13:51:27] Fixed 2 duplicate /gene - ribZ_1 ribZ_2
[13:51:27] Fixed 2 duplicate /gene - rsmH_1 rsmH_2
[13:51:27] Fixed 2 duplicate /gene - rlmCD_1 rlmCD_2
[13:51:27] Fixed 3 duplicate /gene - bglH_1 bglH_2 bglH_3
[13:51:27] Fixed 3 duplicate /gene - yteP_1 yteP_2 yteP_3
[13:51:27] Fixed 2 duplicate /gene - dtpT_1 dtpT_2
[13:51:27] Fixed 2 duplicate /gene - ulaB_1 ulaB_2
[13:51:27] Fixed 3 duplicate /gene - exuR_1 exuR_2 exuR_3
[13:51:27] Fixed 3 duplicate /gene - znuC_1 znuC_2 znuC_3
[13:51:27] Fixed 2 duplicate /gene - panT_1 panT_2
[13:51:27] Fixed 2 duplicate /gene - gpmA_1 gpmA_2
[13:51:27] Fixed 2 duplicate /gene - gatB_1 gatB_2
[13:51:27] Fixed 2 duplicate /gene - pstB3_1 pstB3_2
[13:51:27] Fixed 5 duplicate /gene - nhaC_1 nhaC_2 nhaC_3 nhaC_4 nhaC_5
[13:51:27] Fixed 3 duplicate /gene - celA_1 celA_2 celA_3
[13:51:27] Fixed 2 duplicate /gene - ettA_1 ettA_2
[13:51:27] Fixed 2 duplicate /gene - uxuA_1 uxuA_2
[13:51:27] Fixed 3 duplicate /gene - xpkA_1 xpkA_2 xpkA_3
[13:51:27] Fixed 2 duplicate /gene - cspLA_1 cspLA_2
[13:51:27] Fixed 2 duplicate /gene - mntB_1 mntB_2
[13:51:27] Fixed 2 duplicate /gene - gtaB_1 gtaB_2
[13:51:27] Fixed 2 duplicate /gene - vanA_1 vanA_2
[13:51:27] Fixed 2 duplicate /gene - gltC_1 gltC_2
[13:51:27] Fixed 2 duplicate /gene - oppF_1 oppF_2
[13:51:27] Fixed 2 duplicate /gene - ccpA_1 ccpA_2
[13:51:27] Fixed 2 duplicate /gene - purR_1 purR_2
[13:51:27] Fixed 4 duplicate /gene - phoR_1 phoR_2 phoR_3 phoR_4
[13:51:27] Fixed 3 duplicate /gene - gatC_1 gatC_2 gatC_3
[13:51:27] Fixed 2 duplicate /gene - galM_1 galM_2
[13:51:27] Fixed 2 duplicate /gene - corA_1 corA_2
[13:51:27] Fixed 2 duplicate /gene - bceB_1 bceB_2
[13:51:27] Fixed 2 duplicate /gene - dinG_1 dinG_2
[13:51:27] Fixed 2 duplicate /gene - mprF_1 mprF_2
[13:51:27] Fixed 2 duplicate /gene - ydcP_1 ydcP_2
[13:51:27] Fixed 2 duplicate /gene - oppD_1 oppD_2
[13:51:27] Fixed 3 duplicate /gene - glpE_1 glpE_2 glpE_3
[13:51:27] Fixed 5 duplicate /gene - fruA_1 fruA_2 fruA_3 fruA_4 fruA_5
[13:51:27] Fixed 3 duplicate /gene - gatA_1 gatA_2 gatA_3
[13:51:27] Fixed 7 duplicate /gene - araQ_1 araQ_2 araQ_3 araQ_4 araQ_5 araQ_6 araQ_7
[13:51:27] Fixed 3 duplicate /gene - walR_1 walR_2 walR_3
[13:51:27] Fixed 3 duplicate /gene - manR_1 manR_2 manR_3
[13:51:27] Fixed 2 duplicate /gene - ftsW_1 ftsW_2
[13:51:27] Fixed 2 duplicate /gene - ypdA_1 ypdA_2
[13:51:27] Fixed 2 duplicate /gene - ddl_1 ddl_2
[13:51:27] Fixed 3 duplicate /gene - treP_1 treP_2 treP_3
[13:51:27] Fixed 2 duplicate /gene - lsrC_1 lsrC_2
[13:51:27] Fixed 2 duplicate /gene - phnX_1 phnX_2
[13:51:27] Fixed 2 duplicate /gene - murA1_1 murA1_2
[13:51:27] Fixed 2 duplicate /gene - rpe_1 rpe_2
[13:51:27] Fixed 2 duplicate /gene - lacE_1 lacE_2
[13:51:27] Fixed 2 duplicate /gene - cdr_1 cdr_2
[13:51:27] Fixed 2 duplicate /gene - yknY_1 yknY_2
[13:51:27] Fixed 2 duplicate /gene - hrtA_1 hrtA_2
[13:51:27] Fixed 6 duplicate /gene - manX_1 manX_2 manX_3 manX_4 manX_5 manX_6
[13:51:27] Fixed 2 duplicate /gene - mutS2_1 mutS2_2
[13:51:27] Fixed 3 duplicate /gene - cbh_1 cbh_2 cbh_3
[13:51:27] Fixed 3 duplicate /gene - ptsG_1 ptsG_2 ptsG_3
[13:51:27] Fixed 2 duplicate /gene - cpdA_1 cpdA_2
[13:51:27] Fixed 2 duplicate /gene - glpQ_1 glpQ_2
[13:51:27] Fixed 2 duplicate /gene - yvdM_1 yvdM_2
[13:51:27] Fixed 2 duplicate /gene - feuB_1 feuB_2
[13:51:27] Fixed 3 duplicate /gene - frlB_1 frlB_2 frlB_3
[13:51:27] Fixed 2 duplicate /gene - acpA_1 acpA_2
[13:51:27] Fixed 2 duplicate /gene - araN_1 araN_2
[13:51:27] Fixed 2 duplicate /gene - agrA_1 agrA_2
[13:51:27] Fixed 2 duplicate /gene - rpmGA_1 rpmGA_2
[13:51:27] Fixed 2 duplicate /gene - glcU_1 glcU_2
[13:51:27] Fixed 2 duplicate /gene - vanH_1 vanH_2
[13:51:27] Fixed 2 duplicate /gene - pglH_1 pglH_2
[13:51:27] Fixed 2 duplicate /gene - Int-Tn_1 Int-Tn_2
[13:51:27] Fixed 2 duplicate /gene - dcuS_1 dcuS_2
[13:51:27] Fixed 3 duplicate /gene - agaSK_1 agaSK_2 agaSK_3
[13:51:27] Fixed 6 duplicate /gene - smc_1 smc_2 smc_3 smc_4 smc_5 smc_6
[13:51:27] Fixed 2 duplicate /gene - proX_1 proX_2
[13:51:27] Fixed 5 duplicate /gene - sorA_1 sorA_2 sorA_3 sorA_4 sorA_5
[13:51:27] Fixed 2 duplicate /gene - mro_1 mro_2
[13:51:27] Fixed 2 duplicate /gene - gmk_1 gmk_2
[13:51:27] Fixed 2 duplicate /gene - queT_1 queT_2
[13:51:27] Fixed 3 duplicate /gene - licC_1 licC_2 licC_3
[13:51:27] Fixed 2 duplicate /gene - bceA_1 bceA_2
[13:51:27] Fixed 2 duplicate /gene - ntpJ_1 ntpJ_2
[13:51:27] Fixed 2 duplicate /gene - ligA_1 ligA_2
[13:51:27] Fixed 2 duplicate /gene - xylB_1 xylB_2
[13:51:27] Fixed 2 duplicate /gene - aes_1 aes_2
[13:51:27] Fixed 2 duplicate /gene - brnQ_1 brnQ_2
[13:51:27] Fixed 2 duplicate /gene - msrA_1 msrA_2
[13:51:27] Fixed 2 duplicate /gene - pheT_1 pheT_2
[13:51:27] Fixed 2 duplicate /gene - uvrC_1 uvrC_2
[13:51:27] Fixed 2 duplicate /gene - ctpE_1 ctpE_2
[13:51:27] Fixed 2 duplicate /gene - ybaK_1 ybaK_2
[13:51:27] Fixed 2 duplicate /gene - arlR_1 arlR_2
[13:51:27] Fixed 2 duplicate /gene - nox_1 nox_2
[13:51:27] Fixed 2 duplicate /gene - fabZ_1 fabZ_2
[13:51:27] Fixed 2 duplicate /gene - npr_1 npr_2
[13:51:27] Fixed 2 duplicate /gene - rimI_1 rimI_2
[13:51:27] Fixed 7 duplicate /gene - ltrA_1 ltrA_2 ltrA_3 ltrA_4 ltrA_5 ltrA_6 ltrA_7
[13:51:27] Fixed 4 duplicate /gene - topB_1 topB_2 topB_3 topB_4
[13:51:27] Fixed 6 duplicate /gene - lacF_1 lacF_2 lacF_3 lacF_4 lacF_5 lacF_6
[13:51:27] Fixed 2 duplicate /gene - rsmA_1 rsmA_2
[13:51:27] Fixed 2 duplicate /gene - nfo_1 nfo_2
[13:51:27] Fixed 2 duplicate /gene - ecsA_1 ecsA_2
[13:51:27] Fixed 2 duplicate /gene - fldH_1 fldH_2
[13:51:27] Fixed 4 duplicate /gene - lytA_1 lytA_2 lytA_3 lytA_4
[13:51:27] Fixed 2 duplicate /gene - clsA_1 clsA_2
[13:51:27] Fixed 3 duplicate /gene - fabG_1 fabG_2 fabG_3
[13:51:27] Fixed 8 duplicate /gene - dgaR_1 dgaR_2 dgaR_3 dgaR_4 dgaR_5 dgaR_6 dgaR_7 dgaR_8
[13:51:27] Fixed 2 duplicate /gene - gmuC_1 gmuC_2
[13:51:27] Fixed 2 duplicate /gene - ohrB_1 ohrB_2
[13:51:27] Fixed 2 duplicate /gene - clpP_1 clpP_2
[13:51:27] Fixed 2 duplicate /gene - murR_1 murR_2
[13:51:27] Fixed 2 duplicate /gene - lacC_1 lacC_2
[13:51:27] Fixed 2 duplicate /gene - menH_1 menH_2
[13:51:27] Fixed 2 duplicate /gene - murF_1 murF_2
[13:51:27] Fixed 2 duplicate /gene - lipO_1 lipO_2
[13:51:27] Fixed 2 duplicate /gene - trxA_1 trxA_2
[13:51:27] Fixed 2 duplicate /gene - glnM_1 glnM_2
[13:51:27] Fixed 2 duplicate /gene - por_1 por_2
[13:51:27] Fixed 5 duplicate /gene - xerD_1 xerD_2 xerD_3 xerD_4 xerD_5
[13:51:27] Fixed 2 duplicate /gene - gadC_1 gadC_2
[13:51:27] Fixed 4 duplicate /gene - xerC_1 xerC_2 xerC_3 xerC_4
[13:51:27] Fixed 2 duplicate /gene - rpsN2_1 rpsN2_2
[13:51:27] Fixed 4 duplicate /gene - araC_1 araC_2 araC_3 araC_4
[13:51:27] Fixed 2 duplicate /gene - malL_1 malL_2
[13:51:27] Fixed 3 duplicate /gene - murJ_1 murJ_2 murJ_3
[13:51:27] Fixed 3 duplicate /gene - yecD_1 yecD_2 yecD_3
[13:51:27] Fixed 2 duplicate /gene - dus_1 dus_2
[13:51:27] Fixed 2 duplicate /gene - ygaZ_1 ygaZ_2
[13:51:27] Fixed 4 duplicate /gene - licT_1 licT_2 licT_3 licT_4
[13:51:27] Fixed 3 duplicate /gene - yjhB_1 yjhB_2 yjhB_3
[13:51:27] Fixed 2 duplicate /gene - potA_1 potA_2
[13:51:27] Fixed 2 duplicate /gene - gmuD_1 gmuD_2
[13:51:27] Fixed 2 duplicate /gene - mutS_1 mutS_2
[13:51:27] Fixed 2 duplicate /gene - arcD1_1 arcD1_2
[13:51:27] Fixed 2 duplicate /gene - lytR_1 lytR_2
[13:51:27] Fixed 2 duplicate /gene - yugI_1 yugI_2
[13:51:27] Fixed 2 duplicate /gene - helD_1 helD_2
[13:51:27] Fixed 5 duplicate /gene - gmuE_1 gmuE_2 gmuE_3 gmuE_4 gmuE_5
[13:51:27] Fixed 2 duplicate /gene - atpE_1 atpE_2
[13:51:27] Fixed 2 duplicate /gene - yecS_1 yecS_2
[13:51:27] Fixed 2 duplicate /gene - ssaB_1 ssaB_2
[13:51:27] Fixed 2 duplicate /gene - licR_1 licR_2
[13:51:27] Fixed 249 colliding /gene names.
[13:51:27] Adding /locus_tag identifiers
[13:51:28] Assigned 3148 locus_tags to CDS and RNA features.
[13:51:28] Writing outputs to Prokka/
[13:51:30] Generating annotation statistics file
[13:51:30] Generating Genbank and Sequin files
[13:51:30] Running: tbl2asn -V b -a r10k -l paired-ends -M n -N 1 -y 'Annotated using prokka 1.12 from https://github.com/tseemann/prokka' -Z Prokka\/PROKKA_04122019\.err -i Prokka\/PROKKA_04122019\.fsa 2> /dev/null
[13:51:38] Deleting unwanted file: Prokka/errorsummary.val
[13:51:38] Deleting unwanted file: Prokka/PROKKA_04122019.dr
[13:51:38] Deleting unwanted file: Prokka/PROKKA_04122019.fixedproducts
[13:51:38] Deleting unwanted file: Prokka/PROKKA_04122019.ecn
[13:51:38] Deleting unwanted file: Prokka/PROKKA_04122019.val
[13:51:38] Repairing broken .GBK output that tbl2asn produces...
[13:51:38] Running: sed 's/COORDINATES: profile/COORDINATES:profile/' < Prokka\/PROKKA_04122019\.gbf > Prokka\/PROKKA_04122019\.gbk
[13:51:39] Deleting unwanted file: Prokka/PROKKA_04122019.gbf
[13:51:39] Output files:
[13:51:39] Prokka/PROKKA_04122019.log
[13:51:39] Prokka/PROKKA_04122019.fna
[13:51:39] Prokka/PROKKA_04122019.gff
[13:51:39] Prokka/PROKKA_04122019.faa
[13:51:39] Prokka/PROKKA_04122019.ffn
[13:51:39] Prokka/PROKKA_04122019.tbl
[13:51:39] Prokka/PROKKA_04122019.fsa
[13:51:39] Prokka/PROKKA_04122019.tsv
[13:51:39] Prokka/PROKKA_04122019.txt
[13:51:39] Prokka/PROKKA_04122019.sqn
[13:51:39] Prokka/PROKKA_04122019.gbk
[13:51:39] Prokka/PROKKA_04122019.err
[13:51:39] Annotation finished successfully.
[13:51:39] Walltime used: 8.25 minutes
[13:51:39] If you use this result please cite the Prokka paper:
[13:51:39] Seemann T (2014) Prokka: rapid prokaryotic genome annotation. Bioinformatics. 30(14):2068-9.
[13:51:39] Type 'prokka --citation' for more details.
[13:51:39] Share and enjoy!
